<?xml version="1.0" encoding="UTF-8"?>
<testng-results skipped="0" failed="0" ignored="0" total="2" passed="2">
  <reporter-output>
  </reporter-output>
  <suite name="Default suite" duration-ms="12035" started-at="2019-07-30T09:52:52Z" finished-at="2019-07-30T09:53:04Z">
    <groups>
    </groups>
    <test name="Default test" duration-ms="12035" started-at="2019-07-30T09:52:52Z" finished-at="2019-07-30T09:53:04Z">
      <class name="com.Test_Api.Api_Test">
        <test-method status="PASS" signature="getDetails_APi_Test2()[pri:0, instance:com.Test_Api.Api_Test@4501b7af]" name="getDetails_APi_Test2" duration-ms="7848" started-at="2019-07-30T15:22:52Z" finished-at="2019-07-30T15:23:00Z">
          <reporter-output>
          </reporter-output>
        </test-method> <!-- getDetails_APi_Test2 -->
        <test-method status="PASS" signature="getDetails_Api_Test()[pri:0, instance:com.Test_Api.Api_Test@4501b7af]" name="getDetails_Api_Test" duration-ms="4150" started-at="2019-07-30T15:23:00Z" finished-at="2019-07-30T15:23:04Z">
          <reporter-output>
          </reporter-output>
        </test-method> <!-- getDetails_Api_Test -->
      </class> <!-- com.Test_Api.Api_Test -->
    </test> <!-- Default test -->
  </suite> <!-- Default suite -->
</testng-results>
